<?xml version="1.0" encoding="UTF-8"?>
<testsuite name="com.odds.activityservice.service.ActivityServiceTest" tests="1" skipped="0" failures="0" errors="0" timestamp="2022-02-15T08:32:05" hostname="Supakorns-MacBook-Air.local" time="0.796">
  <properties/>
  <testcase name="getActivityServiceByNamShouldReturnAllWhenEnterNameTest()" classname="com.odds.activityservice.service.ActivityServiceTest" time="0.796"/>
  <system-out><![CDATA[]]></system-out>
  <system-err><![CDATA[]]></system-err>
</testsuite>
