<?xml version="1.0" encoding="UTF-8"?>
<testsuite name="FizzBuzzTest" tests="7" skipped="0" failures="0" errors="0" timestamp="2021-10-02T04:14:55" hostname="Supakorns-MacBook-Air.local" time="0.071">
  <properties/>
  <testcase name="getShouldGetFizzWhenEnterThreeTest()" classname="FizzBuzzTest" time="0.047"/>
  <testcase name="getShouldGetOneWhenEnterOneTest()" classname="FizzBuzzTest" time="0.002"/>
  <testcase name="getSholdGetBuzzWhenEnterFiveTest()" classname="FizzBuzzTest" time="0.003"/>
  <testcase name="getShouldGetTwoWhenEnterTwoTest()" classname="FizzBuzzTest" time="0.003"/>
  <testcase name="getShouldGetFizzWhenEnterSixTest()" classname="FizzBuzzTest" time="0.005"/>
  <testcase name="getShouldGetBuzzWhenEnterTenTest()" classname="FizzBuzzTest" time="0.002"/>
  <testcase name="getShouldGetFizzBuzzWhenEnterFifteenTest()" classname="FizzBuzzTest" time="0.001"/>
  <system-out><![CDATA[]]></system-out>
  <system-err><![CDATA[]]></system-err>
</testsuite>
